<?xml version="1.0" encoding="UTF-8"?>
<testng-results skipped="0" failed="0" ignored="0" total="2" passed="2">
  <reporter-output>
  </reporter-output>
  <suite name="Suite" duration-ms="62359" started-at="2019-12-22T13:30:24 IST" finished-at="2019-12-22T13:31:26 IST">
    <groups>
    </groups>
    <test name="Test" duration-ms="62359" started-at="2019-12-22T13:30:24 IST" finished-at="2019-12-22T13:31:26 IST">
      <class name="myClass2">
        <test-method status="PASS" signature="Test02()[pri:0, instance:myClass2@e25b2fe]" name="Test02" duration-ms="48498" started-at="2019-12-22T13:30:38 IST" finished-at="2019-12-22T13:31:26 IST">
          <reporter-output>
          </reporter-output>
        </test-method> <!-- Test02 -->
      </class> <!-- myClass2 -->
      <class name="myClass1">
        <test-method status="PASS" signature="Test01()[pri:0, instance:myClass1@204f30ec]" name="Test01" duration-ms="13805" started-at="2019-12-22T13:30:24 IST" finished-at="2019-12-22T13:30:38 IST">
          <reporter-output>
          </reporter-output>
        </test-method> <!-- Test01 -->
      </class> <!-- myClass1 -->
    </test> <!-- Test -->
  </suite> <!-- Suite -->
</testng-results>
