<?xml version="1.0" encoding="UTF-8"?>
<testng-results skipped="0" failed="0" ignored="0" total="1" passed="1">
  <reporter-output>
  </reporter-output>
  <suite name="Default suite" duration-ms="37271" started-at="2019-12-23T11:20:13 IST" finished-at="2019-12-23T11:20:51 IST">
    <groups>
    </groups>
    <test name="Default test" duration-ms="37271" started-at="2019-12-23T11:20:13 IST" finished-at="2019-12-23T11:20:51 IST">
      <class name="myClass1">
        <test-method status="PASS" signature="Test01()[pri:0, instance:myClass1@65e2dbf3]" name="Test01" duration-ms="37232" started-at="2019-12-23T11:20:13 IST" finished-at="2019-12-23T11:20:51 IST">
          <reporter-output>
          </reporter-output>
        </test-method> <!-- Test01 -->
      </class> <!-- myClass1 -->
    </test> <!-- Default test -->
  </suite> <!-- Default suite -->
</testng-results>
